timestamp: 2011-12-11T16:26:53.835178
CREATE TABLE auth_user(
    id INTEGER PRIMARY KEY AUTOINCREMENT,
    first_name CHAR(128),
    last_name CHAR(128),
    email CHAR(512),
    password CHAR(512),
    registration_key CHAR(512),
    reset_password_key CHAR(512),
    registration_id CHAR(512)
);
success!
timestamp: 2011-12-11T16:26:53.837518
CREATE TABLE auth_group(
    id INTEGER PRIMARY KEY AUTOINCREMENT,
    role CHAR(512),
    description TEXT
);
success!
timestamp: 2011-12-11T16:26:53.839652
CREATE TABLE auth_membership(
    id INTEGER PRIMARY KEY AUTOINCREMENT,
    user_id INTEGER REFERENCES auth_user(id) ON DELETE CASCADE,
    group_id INTEGER REFERENCES auth_group(id) ON DELETE CASCADE
);
success!
timestamp: 2011-12-11T16:26:53.846691
CREATE TABLE auth_permission(
    id INTEGER PRIMARY KEY AUTOINCREMENT,
    group_id INTEGER REFERENCES auth_group(id) ON DELETE CASCADE,
    name CHAR(512),
    table_name CHAR(512),
    record_id INTEGER
);
success!
timestamp: 2011-12-11T16:26:53.850891
CREATE TABLE auth_event(
    id INTEGER PRIMARY KEY AUTOINCREMENT,
    time_stamp TIMESTAMP,
    client_ip CHAR(512),
    user_id INTEGER REFERENCES auth_user(id) ON DELETE CASCADE,
    origin CHAR(512),
    description TEXT
);
success!
timestamp: 2011-12-11T16:26:53.854733
CREATE TABLE auth_cas(
    id INTEGER PRIMARY KEY AUTOINCREMENT,
    user_id INTEGER REFERENCES auth_user(id) ON DELETE CASCADE,
    created_on TIMESTAMP,
    service CHAR(512),
    ticket CHAR(512),
    renew CHAR(1)
);
success!
timestamp: 2011-12-11T16:26:53.858787
CREATE TABLE clone(
    id INTEGER PRIMARY KEY AUTOINCREMENT,
    url CHAR(512),
    html TEXT,
    is_active CHAR(1),
    created_on TIMESTAMP,
    created_by INTEGER REFERENCES auth_user(id) ON DELETE CASCADE,
    modified_on TIMESTAMP,
    modified_by INTEGER REFERENCES auth_user(id) ON DELETE CASCADE
);
success!
timestamp: 2011-12-11T16:26:53.863217
CREATE TABLE cms_folder(
    id INTEGER PRIMARY KEY AUTOINCREMENT,
    name CHAR(512),
    parent_folder INTEGER REFERENCES cms_folder(id) ON DELETE CASCADE,
    is_active CHAR(1),
    created_on TIMESTAMP,
    created_by INTEGER REFERENCES auth_user(id) ON DELETE CASCADE,
    modified_on TIMESTAMP,
    modified_by INTEGER REFERENCES auth_user(id) ON DELETE CASCADE
);
success!
timestamp: 2011-12-11T16:26:53.867447
CREATE TABLE cms_file(
    id INTEGER PRIMARY KEY AUTOINCREMENT,
    folder INTEGER REFERENCES cms_folder(id) ON DELETE CASCADE,
    name CHAR(512),
    file CHAR(512),
    is_active CHAR(1),
    created_on TIMESTAMP,
    created_by INTEGER REFERENCES auth_user(id) ON DELETE CASCADE,
    modified_on TIMESTAMP,
    modified_by INTEGER REFERENCES auth_user(id) ON DELETE CASCADE
);
success!
timestamp: 2011-12-11T21:00:53.471789
CREATE TABLE cms_clone(
    id INTEGER PRIMARY KEY AUTOINCREMENT,
    url CHAR(512),
    html TEXT,
    is_active CHAR(1),
    created_on TIMESTAMP,
    created_by INTEGER REFERENCES auth_user(id) ON DELETE CASCADE,
    modified_on TIMESTAMP,
    modified_by INTEGER REFERENCES auth_user(id) ON DELETE CASCADE
);
success!
